<?xml version="1.0" encoding="UTF-8"?>
<!-- Generated by org.testng.reporters.JUnitReportReporter -->
<testsuite hostname="TanmayPanda" failures="0" tests="1" name="com.demo.Demo.Testcases" time="12.048" errors="0" timestamp="2024-10-20T22:48:50 IST" skipped="0">
  <testcase classname="com.demo.Demo.Testcases" name="test" time="12.048"/>
</testsuite> <!-- com.demo.Demo.Testcases -->
